timestamp: 2023-05-21T20:05:13.709311
CREATE TABLE "py4web_session"(
    "id" INTEGER PRIMARY KEY AUTOINCREMENT,
    "rkey" CHAR(512),
    "rvalue" TEXT,
    "expiration" INTEGER,
    "created_on" TIMESTAMP,
    "expires_on" TIMESTAMP
);
success!
timestamp: 2023-05-21T20:05:13.710915
CREATE TABLE "auth_user"(
    "id" INTEGER PRIMARY KEY AUTOINCREMENT,
    "email" CHAR(512) UNIQUE,
    "password" CHAR(512),
    "first_name" CHAR(512),
    "last_name" CHAR(512),
    "sso_id" CHAR(512),
    "action_token" CHAR(512),
    "last_password_change" TIMESTAMP,
    "past_passwords_hash" TEXT
);
success!
timestamp: 2023-05-21T20:05:13.711770
CREATE TABLE "auth_user_tag_groups"(
    "id" INTEGER PRIMARY KEY AUTOINCREMENT,
    "tagpath" CHAR(512),
    "record_id" INTEGER REFERENCES "auth_user" ("id") ON DELETE CASCADE ON UPDATE CASCADE  
);
success!
timestamp: 2023-05-21T20:05:13.719076
CREATE TABLE "contact"(
    "id" INTEGER PRIMARY KEY AUTOINCREMENT,
    "first_name" CHAR(512),
    "last_name" CHAR(512),
    "thumbnail" TEXT
);
success!
timestamp: 2023-05-21T20:09:58.415626
CREATE TABLE "post"(
    "id" INTEGER PRIMARY KEY AUTOINCREMENT,
    "user_name" CHAR(512),
    "like" INTEGER,
    "user_email" CHAR(512)
);
success!
timestamp: 2023-06-05T15:52:30.495616
CREATE TABLE "follow"(
    "id" INTEGER PRIMARY KEY AUTOINCREMENT,
    "user_id" INTEGER REFERENCES "auth_user" ("id") ON DELETE CASCADE ON UPDATE CASCADE  ,
    "follows_id" INTEGER REFERENCES "auth_user" ("id") ON DELETE CASCADE ON UPDATE CASCADE  
);
success!
timestamp: 2023-06-11T18:04:48.121392
ALTER TABLE "post" ADD "user_id" INTEGER REFERENCES "auth_user" ("id") ON DELETE CASCADE ON UPDATE CASCADE  ;
timestamp: 2023-06-11T18:04:48.127698
ALTER TABLE "post" ADD "picture" CHAR(512);
timestamp: 2023-06-11T18:04:48.129411
ALTER TABLE "post" ADD "caption" TEXT;
success!
success!
timestamp: 2023-06-11T18:07:30.569699
ALTER TABLE "post" ADD "thumbnail" TEXT;
success!
success!
success!
success!
success!
success!
success!
success!
success!
success!
timestamp: 2023-06-11T19:30:05.217358
ALTER TABLE "contact" ADD "caption" CHAR(512);
success!
success!
success!
success!
success!
timestamp: 2023-06-11T22:13:45.929144
ALTER TABLE "post" ADD "contact_id" INTEGER REFERENCES "contact" ("id") ON DELETE CASCADE ON UPDATE CASCADE  ;
success!
success!
success!
success!
success!
success!
success!
success!
success!
success!
success!
success!
success!
success!
success!
success!
success!
success!
success!
success!
success!
success!
success!
timestamp: 2023-06-13T02:07:44.886955
CREATE TABLE "comment"(
    "id" INTEGER PRIMARY KEY AUTOINCREMENT,
    "post_id" INTEGER REFERENCES "post" ("id") ON DELETE CASCADE ON UPDATE CASCADE  ,
    "content" TEXT
);
success!
success!
success!
success!
timestamp: 2023-06-13T03:17:03.203317
ALTER TABLE "contact" ADD "color" CHAR(512);
success!
timestamp: 2023-06-13T03:17:03.208982
ALTER TABLE "post" ADD "color" CHAR(512);
success!
success!
success!
success!
success!
success!
success!
success!
success!
success!
success!
success!
success!
success!
success!
success!
success!
success!
success!
success!
success!
success!
success!
success!
success!
success!
success!
success!
success!
success!
success!
success!
success!
success!
success!
success!
success!
success!
success!
success!
success!
success!
success!
success!
success!
success!
success!
success!
success!
success!
success!
success!
success!
timestamp: 2023-06-13T16:44:01.898639
ALTER TABLE "contact" ADD "title" CHAR(512);
success!
success!
success!
success!
success!
success!
success!
success!
success!
success!
success!
success!
success!
success!
success!
success!
success!
success!
success!
success!
timestamp: 2023-06-13T17:18:30.943684
ALTER TABLE "contact" ADD "mark" CHAR(1);
success!
success!
success!
success!
success!
success!
success!
success!
success!
success!
success!
success!
success!
success!
success!
success!
success!
success!
success!
success!
success!
success!
success!
success!
success!
success!
success!
success!
success!
success!
success!
success!
success!
success!
success!
success!
success!
success!
success!
success!
success!
success!
success!
success!
success!
success!
success!
success!
success!
success!
success!
success!
success!
success!
success!
success!
success!
success!
success!
success!
success!
success!
success!
success!
success!
success!
success!
success!
success!
success!
success!
success!
timestamp: 2023-06-14T04:23:02.407887
ALTER TABLE "comment" ADD "created_on" TIMESTAMP;
success!
success!
success!
success!
success!
success!
success!
success!
success!
success!
success!
success!
success!
success!
success!
success!
success!
success!
success!
success!
success!
success!
success!
success!
success!
success!
success!
success!
success!
success!
success!
success!
success!
success!
success!
success!
success!
success!
success!
timestamp: 2023-06-14T13:45:19.523535
ALTER TABLE "contact" ADD "author" CHAR(512);
success!
success!
success!
success!
success!
success!
success!
success!
success!
success!
success!
success!
success!
success!
success!
success!
success!
success!
success!
success!
success!
success!
success!
success!
success!
success!
success!
success!
success!
success!
success!
success!
success!
success!
success!
success!
success!
success!
success!
